# JRE version: OpenJDK Runtime Environment (11.0.10) (build 11.0.10+0-b96-7249189)
# Java VM: OpenJDK 64-Bit Server VM (11.0.10+0-b96-7249189, mixed mode, tiered, compressed oops, g1 gc, windows-amd64)
Heap:
 garbage-first heap   total 574464K, used 293188K [0x0000000080000000, 0x0000000100000000)
  region size 1024K, 132 young (135168K), 3 survivors (3072K)
 Metaspace       used 137834K, capacity 141395K, committed 141568K, reserved 1173504K
  class space    used 16511K, capacity 17892K, committed 17920K, reserved 1048576K
GC Heap History (20 events):
Event: 98.851 GC heap before
{Heap before GC invocations=93 (full 0):
 garbage-first heap   total 574464K, used 488937K [0x0000000080000000, 0x0000000100000000)
  region size 1024K, 194 young (198656K), 23 survivors (23552K)
 Metaspace       used 128046K, capacity 131290K, committed 131456K, reserved 1163264K
  class space    used 15694K, capacity 16925K, committed 17024K, reserved 1048576K
}
Event: 98.910 GC heap after
{Heap after GC invocations=94 (full 0):
 garbage-first heap   total 574464K, used 337100K [0x0000000080000000, 0x0000000100000000)
  region size 1024K, 25 young (25600K), 25 survivors (25600K)
 Metaspace       used 128046K, capacity 131290K, committed 131456K, reserved 1163264K
  class space    used 15694K, capacity 16925K, committed 17024K, reserved 1048576K
}
Event: 100.355 GC heap before
{Heap before GC invocations=94 (full 0):
 garbage-first heap   total 574464K, used 470220K [0x0000000080000000, 0x0000000100000000)
  region size 1024K, 152 young (155648K), 25 survivors (25600K)
 Metaspace       used 129607K, capacity 132882K, committed 133120K, reserved 1165312K
  class space    used 15823K, capacity 17031K, committed 17152K, reserved 1048576K
}
Event: 100.393 GC heap after
{Heap after GC invocations=95 (full 0):
 garbage-first heap   total 574464K, used 338305K [0x0000000080000000, 0x0000000100000000)
  region size 1024K, 13 young (13312K), 13 survivors (13312K)
 Metaspace       used 129607K, capacity 132882K, committed 133120K, reserved 1165312K
  class space    used 15823K, capacity 17031K, committed 17152K, reserved 1048576K
}
Event: 101.669 GC heap before
{Heap before GC invocations=95 (full 0):
 garbage-first heap   total 574464K, used 470401K [0x0000000080000000, 0x0000000100000000)
  region size 1024K, 141 young (144384K), 13 survivors (13312K)
 Metaspace       used 129796K, capacity 133087K, committed 133376K, reserved 1165312K
  class space    used 15841K, capacity 17034K, committed 17152K, reserved 1048576K
}
Event: 101.684 GC heap after
{Heap after GC invocations=96 (full 0):
 garbage-first heap   total 574464K, used 338680K [0x0000000080000000, 0x0000000100000000)
  region size 1024K, 6 young (6144K), 6 survivors (6144K)
 Metaspace       used 129796K, capacity 133087K, committed 133376K, reserved 1165312K
  class space    used 15841K, capacity 17034K, committed 17152K, reserved 1048576K
}
Event: 102.937 GC heap before
{Heap before GC invocations=96 (full 0):
 garbage-first heap   total 574464K, used 418552K [0x0000000080000000, 0x0000000100000000)
  region size 1024K, 53 young (54272K), 6 survivors (6144K)
 Metaspace       used 131495K, capacity 134820K, committed 134912K, reserved 1167360K
  class space    used 16061K, capacity 17330K, committed 17408K, reserved 1048576K
}
Event: 102.943 GC heap after
{Heap after GC invocations=97 (full 0):
 garbage-first heap   total 574464K, used 341360K [0x0000000080000000, 0x0000000100000000)
  region size 1024K, 2 young (2048K), 2 survivors (2048K)
 Metaspace       used 131495K, capacity 134820K, committed 134912K, reserved 1167360K
  class space    used 16061K, capacity 17330K, committed 17408K, reserved 1048576K
}
Event: 271.219 GC heap before
{Heap before GC invocations=98 (full 0):
 garbage-first heap   total 574464K, used 344432K [0x0000000080000000, 0x0000000100000000)
  region size 1024K, 139 young (142336K), 2 survivors (2048K)
 Metaspace       used 135989K, capacity 139515K, committed 139648K, reserved 1171456K
  class space    used 16384K, capacity 17680K, committed 17792K, reserved 1048576K
}
Event: 271.232 GC heap after
{Heap after GC invocations=99 (full 0):
 garbage-first heap   total 574464K, used 198512K [0x0000000080000000, 0x0000000100000000)
  region size 1024K, 7 young (7168K), 7 survivors (7168K)
 Metaspace       used 135989K, capacity 139515K, committed 139648K, reserved 1171456K
  class space    used 16384K, capacity 17680K, committed 17792K, reserved 1048576K
}
Event: 271.519 GC heap before
{Heap before GC invocations=99 (full 0):
 garbage-first heap   total 574464K, used 218992K [0x0000000080000000, 0x0000000100000000)
  region size 1024K, 28 young (28672K), 7 survivors (7168K)
 Metaspace       used 136136K, capacity 139645K, committed 139904K, reserved 1171456K
  class space    used 16407K, capacity 17720K, committed 17792K, reserved 1048576K
}
Event: 271.534 GC heap after
{Heap after GC invocations=100 (full 0):
 garbage-first heap   total 574464K, used 139808K [0x0000000080000000, 0x0000000100000000)
  region size 1024K, 2 young (2048K), 2 survivors (2048K)
 Metaspace       used 136136K, capacity 139645K, committed 139904K, reserved 1171456K
  class space    used 16407K, capacity 17720K, committed 17792K, reserved 1048576K
}
Event: 295.990 GC heap before
{Heap before GC invocations=100 (full 0):
 garbage-first heap   total 574464K, used 165408K [0x0000000080000000, 0x0000000100000000)
  region size 1024K, 28 young (28672K), 2 survivors (2048K)
 Metaspace       used 136557K, capacity 140158K, committed 140416K, reserved 1171456K
  class space    used 16463K, capacity 17788K, committed 17792K, reserved 1048576K
}
Event: 295.998 GC heap after
{Heap after GC invocations=101 (full 0):
 garbage-first heap   total 574464K, used 134941K [0x0000000080000000, 0x0000000100000000)
  region size 1024K, 4 young (4096K), 4 survivors (4096K)
 Metaspace       used 136557K, capacity 140158K, committed 140416K, reserved 1171456K
  class space    used 16463K, capacity 17788K, committed 17792K, reserved 1048576K
}
Event: 298.122 GC heap before
{Heap before GC invocations=101 (full 0):
 garbage-first heap   total 574464K, used 246557K [0x0000000080000000, 0x0000000100000000)
  region size 1024K, 109 young (111616K), 4 survivors (4096K)
 Metaspace       used 136880K, capacity 140442K, committed 140800K, reserved 1171456K
  class space    used 16474K, capacity 17804K, committed 17920K, reserved 1048576K
}
Event: 298.199 GC heap after
{Heap after GC invocations=102 (full 0):
 garbage-first heap   total 574464K, used 161242K [0x0000000080000000, 0x0000000100000000)
  region size 1024K, 28 young (28672K), 28 survivors (28672K)
 Metaspace       used 136880K, capacity 140442K, committed 140800K, reserved 1171456K
  class space    used 16474K, capacity 17804K, committed 17920K, reserved 1048576K
}
Event: 307.961 GC heap before
{Heap before GC invocations=103 (full 0):
 garbage-first heap   total 574464K, used 429530K [0x0000000080000000, 0x0000000100000000)
  region size 1024K, 274 young (280576K), 28 survivors (28672K)
 Metaspace       used 137645K, capacity 141211K, committed 141312K, reserved 1173504K
  class space    used 16503K, capacity 17855K, committed 17920K, reserved 1048576K
}
Event: 307.994 GC heap after
{Heap after GC invocations=104 (full 0):
 garbage-first heap   total 574464K, used 161541K [0x0000000080000000, 0x0000000100000000)
  region size 1024K, 22 young (22528K), 22 survivors (22528K)
 Metaspace       used 137645K, capacity 141211K, committed 141312K, reserved 1173504K
  class space    used 16503K, capacity 17855K, committed 17920K, reserved 1048576K
}
Event: 308.045 GC heap before
{Heap before GC invocations=104 (full 0):
 garbage-first heap   total 574464K, used 167685K [0x0000000080000000, 0x0000000100000000)
  region size 1024K, 28 young (28672K), 22 survivors (22528K)
 Metaspace       used 137647K, capacity 141211K, committed 141312K, reserved 1173504K
  class space    used 16503K, capacity 17855K, committed 17920K, reserved 1048576K
}
Event: 308.076 GC heap after
{Heap after GC invocations=105 (full 0):
 garbage-first heap   total 574464K, used 146756K [0x0000000080000000, 0x0000000100000000)
  region size 1024K, 3 young (3072K), 3 survivors (3072K)
 Metaspace       used 137647K, capacity 141211K, committed 141312K, reserved 1173504K
  class space    used 16503K, capacity 17855K, committed 17920K, reserved 1048576K
}

